<?xml version="1.0" encoding="UTF-8"?>
<!-- Generated by org.testng.reporters.JUnitReportReporter -->
<testsuite skipped="0" hostname="LAPTOP-URP5IFNA" name="com.dyw.serch.testLogin" tests="4" failures="0" timestamp="08 九月 2017 09:46:41 GMT" time="3.617" errors="0">
  <testcase name="testCase" time="0.769" classname="com.dyw.serch.testLogin"/>
  <testcase name="testCase" time="0.839" classname="com.dyw.serch.testLogin"/>
  <testcase name="testCase" time="1.262" classname="com.dyw.serch.testLogin"/>
  <testcase name="testCase" time="0.747" classname="com.dyw.serch.testLogin"/>
</testsuite> <!-- com.dyw.serch.testLogin -->
